2019-03-14 20:32:33:124 [restartedMain] INFO com.it.demo.api.DemoApiApplication.logStarting:50 - Starting DemoApiApplication on LYZ01-PC with PID 6684 (E:\Projects\demo-admin\demo-api\target\classes started by LYZ01 in E:\Projects\demo-admin)
2019-03-14 20:32:33:178 [restartedMain] INFO com.it.demo.api.DemoApiApplication.logStartupProfileInfo:675 - No active profile set, falling back to default profiles: default
2019-03-14 20:32:34:030 [restartedMain] INFO org.apache.coyote.http11.Http11NioProtocol.log:173 - Initializing ProtocolHandler ["http-nio-8081"]
2019-03-14 20:32:34:037 [restartedMain] INFO org.apache.catalina.core.StandardService.log:173 - Starting service [Tomcat]
2019-03-14 20:32:34:037 [restartedMain] INFO org.apache.catalina.core.StandardEngine.log:173 - Starting Servlet engine: [Apache Tomcat/9.0.16]
2019-03-14 20:32:34:042 [restartedMain] INFO org.apache.catalina.core.AprLifecycleListener.log:173 - The APR based Apache Tomcat Native library which allows optimal performance in production environments was not found on the java.library.path: [C:\Program Files\Java\jdk1.8.0_101\bin;C:\Windows\Sun\Java\bin;C:\Windows\system32;C:\Windows;C:\ProgramData\Oracle\Java\javapath;C:\Windows\system32;C:\Windows;C:\Windows\System32\Wbem;C:\Windows\System32\WindowsPowerShell\v1.0\;C:\Program Files\Java\jdk1.8.0_101\bin;C:\Program Files\Java\jdk1.8.0_101\jre\bin;H:\install\Git\cmd;C:\Program Files\Bandizip\;.]
2019-03-14 20:32:34:104 [restartedMain] INFO org.apache.catalina.core.ContainerBase.[Tomcat].[localhost].[/demoAdmin].log:173 - Initializing Spring embedded WebApplicationContext
2019-03-14 20:32:34:158 [restartedMain] DEBUG org.hibernate.validator.internal.engine.resolver.TraversableResolvers.getDefault:60 - Cannot find javax.persistence.Persistence on classpath. Assuming non JPA 2 environment. All properties will per default be traversable.
2019-03-14 20:32:34:159 [restartedMain] DEBUG org.hibernate.validator.messageinterpolation.ResourceBundleMessageInterpolator.buildExpressionFactory:89 - Loaded expression factory via original TCCL
2019-03-14 20:32:34:161 [restartedMain] DEBUG org.hibernate.validator.internal.engine.resolver.TraversableResolvers.getDefault:60 - Cannot find javax.persistence.Persistence on classpath. Assuming non JPA 2 environment. All properties will per default be traversable.
2019-03-14 20:32:34:162 [restartedMain] DEBUG org.hibernate.validator.internal.engine.ConfigurationImpl.messageInterpolator:148 - Setting custom MessageInterpolator of type org.springframework.validation.beanvalidation.LocaleContextMessageInterpolator
2019-03-14 20:32:34:162 [restartedMain] DEBUG org.hibernate.validator.internal.engine.ConfigurationImpl.constraintValidatorFactory:180 - Setting custom ConstraintValidatorFactory of type org.springframework.validation.beanvalidation.SpringConstraintValidatorFactory
2019-03-14 20:32:34:163 [restartedMain] DEBUG org.hibernate.validator.internal.engine.ConfigurationImpl.parameterNameProvider:194 - Setting custom ParameterNameProvider of type org.springframework.validation.beanvalidation.LocalValidatorFactoryBean$1
2019-03-14 20:32:34:163 [restartedMain] DEBUG org.hibernate.validator.internal.xml.config.ValidationXmlParser.getValidationXmlInputStream:120 - Trying to load META-INF/validation.xml for XML based Validator configuration.
2019-03-14 20:32:34:163 [restartedMain] DEBUG org.hibernate.validator.internal.xml.config.ResourceLoaderHelper.getResettableInputStreamForPath:53 - Trying to load META-INF/validation.xml via user class loader
2019-03-14 20:32:34:164 [restartedMain] DEBUG org.hibernate.validator.internal.xml.config.ResourceLoaderHelper.getResettableInputStreamForPath:60 - Trying to load META-INF/validation.xml via TCCL
2019-03-14 20:32:34:164 [restartedMain] DEBUG org.hibernate.validator.internal.xml.config.ResourceLoaderHelper.getResettableInputStreamForPath:66 - Trying to load META-INF/validation.xml via Hibernate Validator's class loader
2019-03-14 20:32:34:164 [restartedMain] DEBUG org.hibernate.validator.internal.xml.config.ValidationXmlParser.getValidationXmlInputStream:127 - No META-INF/validation.xml found. Using annotation based configuration only.
2019-03-14 20:32:34:168 [restartedMain] DEBUG org.hibernate.validator.internal.engine.ValidatorFactoryImpl.logValidatorFactoryScopedConfiguration:578 - HV000234: Using org.springframework.validation.beanvalidation.LocaleContextMessageInterpolator as ValidatorFactory-scoped message interpolator.
2019-03-14 20:32:34:168 [restartedMain] DEBUG org.hibernate.validator.internal.engine.ValidatorFactoryImpl.logValidatorFactoryScopedConfiguration:579 - HV000234: Using org.hibernate.validator.internal.engine.resolver.TraverseAllTraversableResolver as ValidatorFactory-scoped traversable resolver.
2019-03-14 20:32:34:168 [restartedMain] DEBUG org.hibernate.validator.internal.engine.ValidatorFactoryImpl.logValidatorFactoryScopedConfiguration:580 - HV000234: Using org.hibernate.validator.internal.util.ExecutableParameterNameProvider as ValidatorFactory-scoped parameter name provider.
2019-03-14 20:32:34:168 [restartedMain] DEBUG org.hibernate.validator.internal.engine.ValidatorFactoryImpl.logValidatorFactoryScopedConfiguration:581 - HV000234: Using org.hibernate.validator.internal.engine.DefaultClockProvider as ValidatorFactory-scoped clock provider.
2019-03-14 20:32:34:168 [restartedMain] DEBUG org.hibernate.validator.internal.engine.ValidatorFactoryImpl.logValidatorFactoryScopedConfiguration:582 - HV000234: Using org.hibernate.validator.internal.engine.scripting.DefaultScriptEvaluatorFactory as ValidatorFactory-scoped script evaluator factory.
2019-03-14 20:32:34:415 [restartedMain] INFO org.apache.coyote.http11.Http11NioProtocol.log:173 - Starting ProtocolHandler ["http-nio-8081"]
2019-03-14 20:32:34:436 [restartedMain] INFO com.it.demo.api.DemoApiApplication.logStarted:59 - Started DemoApiApplication in 1.675 seconds (JVM running for 2.21)
2019-03-14 20:32:37:961 [http-nio-8081-exec-1] INFO org.apache.catalina.core.ContainerBase.[Tomcat].[localhost].[/demoAdmin].log:173 - Initializing Spring DispatcherServlet 'dispatcherServlet'
2019-03-14 20:32:37:983 [http-nio-8081-exec-1] INFO com.it.demo.service.admin.impl.TestServiceImpl.test:15 - 这是一个测试的日志
